<?xml version="1.0" encoding="UTF-8"?>
<!-- Generated by org.testng.reporters.JUnitReportReporter -->
<testsuite hostname="DESKTOP-O7K5RIE" failures="0" tests="1" name="test.ValidateMonthsInDropDownTest" time="2.202" errors="0" timestamp="2022-05-11T12:14:51 EDT" skipped="0">
  <testcase classname="test.ValidateMonthsInDropDownTest" name="userAbleToValidateMonths" time="2.202"/>
  <system-out/>
</testsuite> <!-- test.ValidateMonthsInDropDownTest -->
