<?xml version="1.0" encoding="UTF-8"?>
<!-- Generated by org.testng.reporters.JUnitReportReporter -->
<testsuite hostname="DESKTOP-O7K5RIE" failures="0" tests="1" name="test.NewCategoryTest" time="6.451" errors="0" timestamp="2022-05-07T11:24:10 EDT" skipped="0">
  <testcase classname="test.NewCategoryTest" name="userAbleToAddNewCategory" time="6.451"/>
  <system-out/>
</testsuite> <!-- test.NewCategoryTest -->
