<?xml version="1.0" encoding="UTF-8"?>
<!-- Generated by org.testng.reporters.JUnitReportReporter -->
<testsuite hostname="DESKTOP-O7K5RIE" failures="0" tests="1" name="test.AddDuplicateCategoryTest" time="2.921" errors="0" timestamp="2022-05-07T13:20:37 EDT" skipped="0">
  <testcase classname="test.AddDuplicateCategoryTest" name="userAbleToAddNewCategory" time="2.921"/>
  <system-out/>
</testsuite> <!-- test.AddDuplicateCategoryTest -->
