<?xml version="1.0" encoding="UTF-8"?>
<!-- Generated by org.testng.reporters.JUnitReportReporter -->
<testsuite hostname="DESKTOP-O7K5RIE" failures="0" tests="1" name="addCatTest.NewCategoryTest" time="2.649" errors="0" timestamp="2022-05-01T16:37:19 EDT" skipped="0">
  <testcase classname="addCatTest.NewCategoryTest" name="userAbleToAddNewCategory" time="2.649"/>
  <system-out/>
</testsuite> <!-- addCatTest.NewCategoryTest -->
